# JRE version: Java(TM) SE Runtime Environment (8.0_161-b12) (build 1.8.0_161-b12)
# Java VM: Java HotSpot(TM) 64-Bit Server VM (25.161-b12 mixed mode windows-amd64 compressed oops)
Heap:
 PSYoungGen      total 70144K, used 18616K [0x00000000d5d80000, 0x00000000dbf80000, 0x0000000100000000)
  eden space 59392K, 22% used [0x00000000d5d80000,0x00000000d6a61370,0x00000000d9780000)
  from space 10752K, 50% used [0x00000000d9780000,0x00000000d9cccd40,0x00000000da200000)
  to   space 10752K, 0% used [0x00000000db500000,0x00000000db500000,0x00000000dbf80000)
 ParOldGen       total 61952K, used 10417K [0x0000000081800000, 0x0000000085480000, 0x00000000d5d80000)
  object space 61952K, 16% used [0x0000000081800000,0x000000008222c598,0x0000000085480000)
 Metaspace       used 27188K, capacity 27826K, committed 28160K, reserved 1073152K
  class space    used 3782K, capacity 3998K, committed 4096K, reserved 1048576K
GC Heap History (10 events):
Event: 6.580 GC heap before
{Heap before GC invocations=4 (full 0):
 PSYoungGen      total 38400K, used 38368K [0x00000000d5d80000, 0x00000000d8800000, 0x0000000100000000)
  eden space 33280K, 100% used [0x00000000d5d80000,0x00000000d7e00000,0x00000000d7e00000)
  from space 5120K, 99% used [0x00000000d7e00000,0x00000000d82f8020,0x00000000d8300000)
  to   space 5120K, 0% used [0x00000000d8300000,0x00000000d8300000,0x00000000d8800000)
 ParOldGen       total 87552K, used 4507K [0x0000000081800000, 0x0000000086d80000, 0x00000000d5d80000)
  object space 87552K, 5% used [0x0000000081800000,0x0000000081c66d78,0x0000000086d80000)
 Metaspace       used 20451K, capacity 20668K, committed 20864K, reserved 1067008K
  class space    used 2829K, capacity 2896K, committed 2944K, reserved 1048576K
Event: 6.592 GC heap after
Heap after GC invocations=4 (full 0):
 PSYoungGen      total 38400K, used 5088K [0x00000000d5d80000, 0x00000000d8800000, 0x0000000100000000)
  eden space 33280K, 0% used [0x00000000d5d80000,0x00000000d5d80000,0x00000000d7e00000)
  from space 5120K, 99% used [0x00000000d8300000,0x00000000d87f8010,0x00000000d8800000)
  to   space 5120K, 0% used [0x00000000d7e00000,0x00000000d7e00000,0x00000000d8300000)
 ParOldGen       total 87552K, used 8469K [0x0000000081800000, 0x0000000086d80000, 0x00000000d5d80000)
  object space 87552K, 9% used [0x0000000081800000,0x0000000082045750,0x0000000086d80000)
 Metaspace       used 20451K, capacity 20668K, committed 20864K, reserved 1067008K
  class space    used 2829K, capacity 2896K, committed 2944K, reserved 1048576K
}
Event: 6.828 GC heap before
{Heap before GC invocations=5 (full 0):
 PSYoungGen      total 38400K, used 9754K [0x00000000d5d80000, 0x00000000d8800000, 0x0000000100000000)
  eden space 33280K, 14% used [0x00000000d5d80000,0x00000000d620e8f0,0x00000000d7e00000)
  from space 5120K, 99% used [0x00000000d8300000,0x00000000d87f8010,0x00000000d8800000)
  to   space 5120K, 0% used [0x00000000d7e00000,0x00000000d7e00000,0x00000000d8300000)
 ParOldGen       total 87552K, used 8469K [0x0000000081800000, 0x0000000086d80000, 0x00000000d5d80000)
  object space 87552K, 9% used [0x0000000081800000,0x0000000082045750,0x0000000086d80000)
 Metaspace       used 20854K, capacity 21076K, committed 21248K, reserved 1067008K
  class space    used 2884K, capacity 2968K, committed 3072K, reserved 1048576K
Event: 6.877 GC heap after
Heap after GC invocations=5 (full 0):
 PSYoungGen      total 38400K, used 5088K [0x00000000d5d80000, 0x00000000db380000, 0x0000000100000000)
  eden space 33280K, 0% used [0x00000000d5d80000,0x00000000d5d80000,0x00000000d7e00000)
  from space 5120K, 99% used [0x00000000d7e00000,0x00000000d82f8010,0x00000000d8300000)
  to   space 10752K, 0% used [0x00000000da900000,0x00000000da900000,0x00000000db380000)
 ParOldGen       total 87552K, used 9124K [0x0000000081800000, 0x0000000086d80000, 0x00000000d5d80000)
  object space 87552K, 10% used [0x0000000081800000,0x00000000820e9190,0x0000000086d80000)
 Metaspace       used 20854K, capacity 21076K, committed 21248K, reserved 1067008K
  class space    used 2884K, capacity 2968K, committed 3072K, reserved 1048576K
}
Event: 6.877 GC heap before
{Heap before GC invocations=6 (full 1):
 PSYoungGen      total 38400K, used 5088K [0x00000000d5d80000, 0x00000000db380000, 0x0000000100000000)
  eden space 33280K, 0% used [0x00000000d5d80000,0x00000000d5d80000,0x00000000d7e00000)
  from space 5120K, 99% used [0x00000000d7e00000,0x00000000d82f8010,0x00000000d8300000)
  to   space 10752K, 0% used [0x00000000da900000,0x00000000da900000,0x00000000db380000)
 ParOldGen       total 87552K, used 9124K [0x0000000081800000, 0x0000000086d80000, 0x00000000d5d80000)
  object space 87552K, 10% used [0x0000000081800000,0x00000000820e9190,0x0000000086d80000)
 Metaspace       used 20854K, capacity 21076K, committed 21248K, reserved 1067008K
  class space    used 2884K, capacity 2968K, committed 3072K, reserved 1048576K
Event: 7.080 GC heap after
Heap after GC invocations=6 (full 1):
 PSYoungGen      total 38400K, used 0K [0x00000000d5d80000, 0x00000000db380000, 0x0000000100000000)
  eden space 33280K, 0% used [0x00000000d5d80000,0x00000000d5d80000,0x00000000d7e00000)
  from space 5120K, 0% used [0x00000000d7e00000,0x00000000d7e00000,0x00000000d8300000)
  to   space 10752K, 0% used [0x00000000da900000,0x00000000da900000,0x00000000db380000)
 ParOldGen       total 61952K, used 10337K [0x0000000081800000, 0x0000000085480000, 0x00000000d5d80000)
  object space 61952K, 16% used [0x0000000081800000,0x0000000082218588,0x0000000085480000)
 Metaspace       used 20854K, capacity 21076K, committed 21248K, reserved 1067008K
  class space    used 2884K, capacity 2968K, committed 3072K, reserved 1048576K
}
Event: 7.981 GC heap before
{Heap before GC invocations=7 (full 1):
 PSYoungGen      total 38400K, used 33280K [0x00000000d5d80000, 0x00000000db380000, 0x0000000100000000)
  eden space 33280K, 100% used [0x00000000d5d80000,0x00000000d7e00000,0x00000000d7e00000)
  from space 5120K, 0% used [0x00000000d7e00000,0x00000000d7e00000,0x00000000d8300000)
  to   space 10752K, 0% used [0x00000000da900000,0x00000000da900000,0x00000000db380000)
 ParOldGen       total 61952K, used 10337K [0x0000000081800000, 0x0000000085480000, 0x00000000d5d80000)
  object space 61952K, 16% used [0x0000000081800000,0x0000000082218588,0x0000000085480000)
 Metaspace       used 23132K, capacity 23564K, committed 23936K, reserved 1069056K
  class space    used 3267K, capacity 3389K, committed 3456K, reserved 1048576K
Event: 7.986 GC heap after
Heap after GC invocations=7 (full 1):
 PSYoungGen      total 55808K, used 3371K [0x00000000d5d80000, 0x00000000dac80000, 0x0000000100000000)
  eden space 52224K, 0% used [0x00000000d5d80000,0x00000000d5d80000,0x00000000d9080000)
  from space 3584K, 94% used [0x00000000da900000,0x00000000dac4adc0,0x00000000dac80000)
  to   space 10752K, 0% used [0x00000000d9780000,0x00000000d9780000,0x00000000da200000)
 ParOldGen       total 61952K, used 10345K [0x0000000081800000, 0x0000000085480000, 0x00000000d5d80000)
  object space 61952K, 16% used [0x0000000081800000,0x000000008221a588,0x0000000085480000)
 Metaspace       used 23132K, capacity 23564K, committed 23936K, reserved 1069056K
  class space    used 3267K, capacity 3389K, committed 3456K, reserved 1048576K
}
Event: 9.253 GC heap before
{Heap before GC invocations=8 (full 1):
 PSYoungGen      total 55808K, used 55595K [0x00000000d5d80000, 0x00000000dac80000, 0x0000000100000000)
  eden space 52224K, 100% used [0x00000000d5d80000,0x00000000d9080000,0x00000000d9080000)
  from space 3584K, 94% used [0x00000000da900000,0x00000000dac4adc0,0x00000000dac80000)
  to   space 10752K, 0% used [0x00000000d9780000,0x00000000d9780000,0x00000000da200000)
 ParOldGen       total 61952K, used 10345K [0x0000000081800000, 0x0000000085480000, 0x00000000d5d80000)
  object space 61952K, 16% used [0x0000000081800000,0x000000008221a588,0x0000000085480000)
 Metaspace       used 26862K, capacity 27336K, committed 27776K, reserved 1073152K
  class space    used 3743K, capacity 3923K, committed 3968K, reserved 1048576K
Event: 9.260 GC heap after
Heap after GC invocations=8 (full 1):
 PSYoungGen      total 70144K, used 5427K [0x00000000d5d80000, 0x00000000dbf80000, 0x0000000100000000)
  eden space 59392K, 0% used [0x00000000d5d80000,0x00000000d5d80000,0x00000000d9780000)
  from space 10752K, 50% used [0x00000000d9780000,0x00000000d9cccd40,0x00000000da200000)
  to   space 10752K, 0% used [0x00000000db500000,0x00000000db500000,0x00000000dbf80000)
 ParOldGen       total 61952K, used 10417K [0x0000000081800000, 0x0000000085480000, 0x00000000d5d80000)
  object space 61952K, 16% used [0x0000000081800000,0x000000008222c598,0x0000000085480000)
 Metaspace       used 26862K, capacity 27336K, committed 27776K, reserved 1073152K
  class space    used 3743K, capacity 3923K, committed 3968K, reserved 1048576K
}

