# JRE version: Java(TM) SE Runtime Environment (8.0_161-b12) (build 1.8.0_161-b12)
# Java VM: Java HotSpot(TM) 64-Bit Server VM (25.161-b12 mixed mode windows-amd64 compressed oops)
Heap:
 PSYoungGen      total 130560K, used 11887K [0x00000000d5d80000, 0x00000000deb00000, 0x0000000100000000)
  eden space 119296K, 2% used [0x00000000d5d80000,0x00000000d60f57f8,0x00000000dd200000)
  from space 11264K, 74% used [0x00000000de000000,0x00000000de826518,0x00000000deb00000)
  to   space 12800K, 0% used [0x00000000dd200000,0x00000000dd200000,0x00000000dde80000)
 ParOldGen       total 56320K, used 19899K [0x0000000081800000, 0x0000000084f00000, 0x00000000d5d80000)
  object space 56320K, 35% used [0x0000000081800000,0x0000000082b6eff8,0x0000000084f00000)
 Metaspace       used 41277K, capacity 42338K, committed 42456K, reserved 1085440K
  class space    used 5722K, capacity 6054K, committed 6144K, reserved 1048576K
GC Heap History (10 events):
Event: 9.502 GC heap before
{Heap before GC invocations=8 (full 1):
 PSYoungGen      total 59904K, used 59678K [0x00000000d5d80000, 0x00000000dac80000, 0x0000000100000000)
  eden space 56320K, 100% used [0x00000000d5d80000,0x00000000d9480000,0x00000000d9480000)
  from space 3584K, 93% used [0x00000000da900000,0x00000000dac47b80,0x00000000dac80000)
  to   space 11264K, 0% used [0x00000000d9680000,0x00000000d9680000,0x00000000da180000)
 ParOldGen       total 56320K, used 8109K [0x0000000081800000, 0x0000000084f00000, 0x00000000d5d80000)
  object space 56320K, 14% used [0x0000000081800000,0x0000000081feb440,0x0000000084f00000)
 Metaspace       used 26994K, capacity 27496K, committed 27776K, reserved 1073152K
  class space    used 3765K, capacity 3955K, committed 3968K, reserved 1048576K
Event: 9.510 GC heap after
Heap after GC invocations=8 (full 1):
 PSYoungGen      total 69632K, used 5332K [0x00000000d5d80000, 0x00000000dcc00000, 0x0000000100000000)
  eden space 58368K, 0% used [0x00000000d5d80000,0x00000000d5d80000,0x00000000d9680000)
  from space 11264K, 47% used [0x00000000d9680000,0x00000000d9bb5278,0x00000000da180000)
  to   space 10752K, 0% used [0x00000000dc180000,0x00000000dc180000,0x00000000dcc00000)
 ParOldGen       total 56320K, used 8181K [0x0000000081800000, 0x0000000084f00000, 0x00000000d5d80000)
  object space 56320K, 14% used [0x0000000081800000,0x0000000081ffd450,0x0000000084f00000)
 Metaspace       used 26994K, capacity 27496K, committed 27776K, reserved 1073152K
  class space    used 3765K, capacity 3955K, committed 3968K, reserved 1048576K
}
Event: 17.438 GC heap before
{Heap before GC invocations=9 (full 1):
 PSYoungGen      total 69632K, used 63700K [0x00000000d5d80000, 0x00000000dcc00000, 0x0000000100000000)
  eden space 58368K, 100% used [0x00000000d5d80000,0x00000000d9680000,0x00000000d9680000)
  from space 11264K, 47% used [0x00000000d9680000,0x00000000d9bb5278,0x00000000da180000)
  to   space 10752K, 0% used [0x00000000dc180000,0x00000000dc180000,0x00000000dcc00000)
 ParOldGen       total 56320K, used 8181K [0x0000000081800000, 0x0000000084f00000, 0x00000000d5d80000)
  object space 56320K, 14% used [0x0000000081800000,0x0000000081ffd450,0x0000000084f00000)
 Metaspace       used 31285K, capacity 31982K, committed 32256K, reserved 1077248K
  class space    used 4323K, capacity 4578K, committed 4608K, reserved 1048576K
Event: 17.487 GC heap after
Heap after GC invocations=9 (full 1):
 PSYoungGen      total 101888K, used 8802K [0x00000000d5d80000, 0x00000000dcd00000, 0x0000000100000000)
  eden space 91136K, 0% used [0x00000000d5d80000,0x00000000d5d80000,0x00000000db680000)
  from space 10752K, 81% used [0x00000000dc180000,0x00000000dca18890,0x00000000dcc00000)
  to   space 11264K, 0% used [0x00000000db680000,0x00000000db680000,0x00000000dc180000)
 ParOldGen       total 56320K, used 8189K [0x0000000081800000, 0x0000000084f00000, 0x00000000d5d80000)
  object space 56320K, 14% used [0x0000000081800000,0x0000000081fff450,0x0000000084f00000)
 Metaspace       used 31285K, capacity 31982K, committed 32256K, reserved 1077248K
  class space    used 4323K, capacity 4578K, committed 4608K, reserved 1048576K
}
Event: 19.160 GC heap before
{Heap before GC invocations=10 (full 1):
 PSYoungGen      total 101888K, used 63414K [0x00000000d5d80000, 0x00000000dcd00000, 0x0000000100000000)
  eden space 91136K, 59% used [0x00000000d5d80000,0x00000000d92d50c0,0x00000000db680000)
  from space 10752K, 81% used [0x00000000dc180000,0x00000000dca18890,0x00000000dcc00000)
  to   space 11264K, 0% used [0x00000000db680000,0x00000000db680000,0x00000000dc180000)
 ParOldGen       total 56320K, used 8189K [0x0000000081800000, 0x0000000084f00000, 0x00000000d5d80000)
  object space 56320K, 14% used [0x0000000081800000,0x0000000081fff450,0x0000000084f00000)
 Metaspace       used 34370K, capacity 35202K, committed 35416K, reserved 1079296K
  class space    used 4728K, capacity 4963K, committed 4992K, reserved 1048576K
Event: 19.187 GC heap after
Heap after GC invocations=10 (full 1):
 PSYoungGen      total 102400K, used 11244K [0x00000000d5d80000, 0x00000000dec80000, 0x0000000100000000)
  eden space 91136K, 0% used [0x00000000d5d80000,0x00000000d5d80000,0x00000000db680000)
  from space 11264K, 99% used [0x00000000db680000,0x00000000dc17b230,0x00000000dc180000)
  to   space 12800K, 0% used [0x00000000de000000,0x00000000de000000,0x00000000dec80000)
 ParOldGen       total 56320K, used 9386K [0x0000000081800000, 0x0000000084f00000, 0x00000000d5d80000)
  object space 56320K, 16% used [0x0000000081800000,0x000000008212a860,0x0000000084f00000)
 Metaspace       used 34370K, capacity 35202K, committed 35416K, reserved 1079296K
  class space    used 4728K, capacity 4963K, committed 4992K, reserved 1048576K
}
Event: 19.187 GC heap before
{Heap before GC invocations=11 (full 2):
 PSYoungGen      total 102400K, used 11244K [0x00000000d5d80000, 0x00000000dec80000, 0x0000000100000000)
  eden space 91136K, 0% used [0x00000000d5d80000,0x00000000d5d80000,0x00000000db680000)
  from space 11264K, 99% used [0x00000000db680000,0x00000000dc17b230,0x00000000dc180000)
  to   space 12800K, 0% used [0x00000000de000000,0x00000000de000000,0x00000000dec80000)
 ParOldGen       total 56320K, used 9386K [0x0000000081800000, 0x0000000084f00000, 0x00000000d5d80000)
  object space 56320K, 16% used [0x0000000081800000,0x000000008212a860,0x0000000084f00000)
 Metaspace       used 34370K, capacity 35202K, committed 35416K, reserved 1079296K
  class space    used 4728K, capacity 4963K, committed 4992K, reserved 1048576K
Event: 19.410 GC heap after
Heap after GC invocations=11 (full 2):
 PSYoungGen      total 102400K, used 0K [0x00000000d5d80000, 0x00000000dec80000, 0x0000000100000000)
  eden space 91136K, 0% used [0x00000000d5d80000,0x00000000d5d80000,0x00000000db680000)
  from space 11264K, 0% used [0x00000000db680000,0x00000000db680000,0x00000000dc180000)
  to   space 12800K, 0% used [0x00000000de000000,0x00000000de000000,0x00000000dec80000)
 ParOldGen       total 56320K, used 19827K [0x0000000081800000, 0x0000000084f00000, 0x00000000d5d80000)
  object space 56320K, 35% used [0x0000000081800000,0x0000000082b5cfe8,0x0000000084f00000)
 Metaspace       used 34370K, capacity 35202K, committed 35416K, reserved 1079296K
  class space    used 4728K, capacity 4963K, committed 4992K, reserved 1048576K
}
Event: 22.127 GC heap before
{Heap before GC invocations=12 (full 2):
 PSYoungGen      total 102400K, used 91136K [0x00000000d5d80000, 0x00000000dec80000, 0x0000000100000000)
  eden space 91136K, 100% used [0x00000000d5d80000,0x00000000db680000,0x00000000db680000)
  from space 11264K, 0% used [0x00000000db680000,0x00000000db680000,0x00000000dc180000)
  to   space 12800K, 0% used [0x00000000de000000,0x00000000de000000,0x00000000dec80000)
 ParOldGen       total 56320K, used 19827K [0x0000000081800000, 0x0000000084f00000, 0x00000000d5d80000)
  object space 56320K, 35% used [0x0000000081800000,0x0000000082b5cfe8,0x0000000084f00000)
 Metaspace       used 41263K, capacity 42332K, committed 42456K, reserved 1085440K
  class space    used 5721K, capacity 6053K, committed 6144K, reserved 1048576K
Event: 22.143 GC heap after
Heap after GC invocations=12 (full 2):
 PSYoungGen      total 130560K, used 8345K [0x00000000d5d80000, 0x00000000deb00000, 0x0000000100000000)
  eden space 119296K, 0% used [0x00000000d5d80000,0x00000000d5d80000,0x00000000dd200000)
  from space 11264K, 74% used [0x00000000de000000,0x00000000de826518,0x00000000deb00000)
  to   space 12800K, 0% used [0x00000000dd200000,0x00000000dd200000,0x00000000dde80000)
 ParOldGen       total 56320K, used 19899K [0x0000000081800000, 0x0000000084f00000, 0x00000000d5d80000)
  object space 56320K, 35% used [0x0000000081800000,0x0000000082b6eff8,0x0000000084f00000)
 Metaspace       used 41263K, capacity 42332K, committed 42456K, reserved 1085440K
  class space    used 5721K, capacity 6053K, committed 6144K, reserved 1048576K
}

